2026-04-23T16:01:27.064Z - PrismaClientInitializationError: 
Invalid `prisma.module.upsert()` invocation in
C:\xampp\htdocs\pharmacy_billing\backend\src\services\RBACService.ts:15:45

  12 console.log("🔐 [RBAC] Initializing system permissions...");
  13 
  14 // 1. Create ADMIN module
→ 15 const adminModule = await prisma.module.upsert(
Can't reach database server at `127.0.0.1:3306`

Please make sure your database server is running at `127.0.0.1:3306`.
    at Vn.handleRequestError (C:\xampp\htdocs\pharmacy_billing\backend\node_modules\@prisma\client\runtime\library.js:121:7640)
    at Vn.handleAndLogRequestError (C:\xampp\htdocs\pharmacy_billing\backend\node_modules\@prisma\client\runtime\library.js:121:6663)
    at Vn.request (C:\xampp\htdocs\pharmacy_billing\backend\node_modules\@prisma\client\runtime\library.js:121:6370)
    at async l (C:\xampp\htdocs\pharmacy_billing\backend\node_modules\@prisma\client\runtime\library.js:130:9617)
    at async Function.initializeSystemPermissions (C:\xampp\htdocs\pharmacy_billing\backend\src\services\RBACService.ts:15:25)
    at async initSystem (C:\xampp\htdocs\pharmacy_billing\backend\src\index.ts:83:5)
2026-05-01T08:20:18.867Z - PrismaClientInitializationError: 
Invalid `prisma.module.upsert()` invocation in
C:\xampp\htdocs\pharmacy_billing\backend\src\services\RBACService.ts:15:45

  12 console.log("🔐 [RBAC] Initializing system permissions...");
  13 
  14 // 1. Create ADMIN module
→ 15 const adminModule = await prisma.module.upsert(
Can't reach database server at `127.0.0.1:3306`

Please make sure your database server is running at `127.0.0.1:3306`.
    at Vn.handleRequestError (C:\xampp\htdocs\pharmacy_billing\backend\node_modules\@prisma\client\runtime\library.js:121:7640)
    at Vn.handleAndLogRequestError (C:\xampp\htdocs\pharmacy_billing\backend\node_modules\@prisma\client\runtime\library.js:121:6663)
    at Vn.request (C:\xampp\htdocs\pharmacy_billing\backend\node_modules\@prisma\client\runtime\library.js:121:6370)
    at async l (C:\xampp\htdocs\pharmacy_billing\backend\node_modules\@prisma\client\runtime\library.js:130:9617)
    at async Function.initializeSystemPermissions (C:\xampp\htdocs\pharmacy_billing\backend\src\services\RBACService.ts:15:25)
    at async initSystem (C:\xampp\htdocs\pharmacy_billing\backend\src\index.ts:83:5)
2026-05-07T14:59:44.551Z - PrismaClientInitializationError: 
Invalid `prisma.module.upsert()` invocation in
C:\xampp\htdocs\pharmacy_billing\backend\src\services\RBACService.ts:15:45

  12 console.log("🔐 [RBAC] Initializing system permissions...");
  13 
  14 // 1. Create ADMIN module
→ 15 const adminModule = await prisma.module.upsert(
Can't reach database server at `127.0.0.1:3306`

Please make sure your database server is running at `127.0.0.1:3306`.
    at Vn.handleRequestError (C:\xampp\htdocs\pharmacy_billing\backend\node_modules\@prisma\client\runtime\library.js:121:7640)
    at Vn.handleAndLogRequestError (C:\xampp\htdocs\pharmacy_billing\backend\node_modules\@prisma\client\runtime\library.js:121:6663)
    at Vn.request (C:\xampp\htdocs\pharmacy_billing\backend\node_modules\@prisma\client\runtime\library.js:121:6370)
    at async l (C:\xampp\htdocs\pharmacy_billing\backend\node_modules\@prisma\client\runtime\library.js:130:9617)
    at async Function.initializeSystemPermissions (C:\xampp\htdocs\pharmacy_billing\backend\src\services\RBACService.ts:15:25)
    at async initSystem (C:\xampp\htdocs\pharmacy_billing\backend\src\index.ts:83:5)
2026-05-08T14:06:00.205Z - PrismaClientInitializationError: 
Invalid `prisma.module.upsert()` invocation in
C:\xampp\htdocs\pharmacy_billing\backend\src\services\RBACService.ts:15:45

  12 console.log("🔐 [RBAC] Initializing system permissions...");
  13 
  14 // 1. Create ADMIN module
→ 15 const adminModule = await prisma.module.upsert(
Can't reach database server at `127.0.0.1:3306`

Please make sure your database server is running at `127.0.0.1:3306`.
    at Vn.handleRequestError (C:\xampp\htdocs\pharmacy_billing\backend\node_modules\@prisma\client\runtime\library.js:121:7640)
    at Vn.handleAndLogRequestError (C:\xampp\htdocs\pharmacy_billing\backend\node_modules\@prisma\client\runtime\library.js:121:6663)
    at Vn.request (C:\xampp\htdocs\pharmacy_billing\backend\node_modules\@prisma\client\runtime\library.js:121:6370)
    at async l (C:\xampp\htdocs\pharmacy_billing\backend\node_modules\@prisma\client\runtime\library.js:130:9617)
    at async Function.initializeSystemPermissions (C:\xampp\htdocs\pharmacy_billing\backend\src\services\RBACService.ts:15:25)
    at async initSystem (C:\xampp\htdocs\pharmacy_billing\backend\src\index.ts:83:5)
